Determining if the pthread_create exist failed with the following output:
Change Dir: /home/lesliechase/Documents/REU D3/MergeSort/MergeSort/build/gtest/src/googletest-build/CMakeFiles/CMakeTmp

Run Build Command:/usr/bin/make "cmTryCompileExec3805369305/fast"
make[3]: Entering directory `/home/lesliechase/Documents/REU D3/MergeSort/MergeSort/build/gtest/src/googletest-build/CMakeFiles/CMakeTmp'
/usr/bin/make -f CMakeFiles/cmTryCompileExec3805369305.dir/build.make CMakeFiles/cmTryCompileExec3805369305.dir/build
make[4]: Entering directory `/home/lesliechase/Documents/REU D3/MergeSort/MergeSort/build/gtest/src/googletest-build/CMakeFiles/CMakeTmp'
/usr/bin/cmake -E cmake_progress_report "/home/lesliechase/Documents/REU D3/MergeSort/MergeSort/build/gtest/src/googletest-build/CMakeFiles/CMakeTmp/CMakeFiles" 1
Building C object CMakeFiles/cmTryCompileExec3805369305.dir/CheckSymbolExists.c.o
/usr/bin/cc    -o CMakeFiles/cmTryCompileExec3805369305.dir/CheckSymbolExists.c.o   -c "/home/lesliechase/Documents/REU D3/MergeSort/MergeSort/build/gtest/src/googletest-build/CMakeFiles/CMakeTmp/CheckSymbolExists.c"
Linking C executable cmTryCompileExec3805369305
/usr/bin/cmake -E cmake_link_script CMakeFiles/cmTryCompileExec3805369305.dir/link.txt --verbose=1
/usr/bin/cc       CMakeFiles/cmTryCompileExec3805369305.dir/CheckSymbolExists.c.o  -o cmTryCompileExec3805369305 -rdynamic 
CMakeFiles/cmTryCompileExec3805369305.dir/CheckSymbolExists.c.o: In function `main':
CheckSymbolExists.c:(.text+0x16): undefined reference to `pthread_create'
collect2: error: ld returned 1 exit status
make[4]: Leaving directory `/home/lesliechase/Documents/REU D3/MergeSort/MergeSort/build/gtest/src/googletest-build/CMakeFiles/CMakeTmp'
make[4]: *** [cmTryCompileExec3805369305] Error 1
make[3]: Leaving directory `/home/lesliechase/Documents/REU D3/MergeSort/MergeSort/build/gtest/src/googletest-build/CMakeFiles/CMakeTmp'
make[3]: *** [cmTryCompileExec3805369305/fast] Error 2

File /home/lesliechase/Documents/REU D3/MergeSort/MergeSort/build/gtest/src/googletest-build/CMakeFiles/CMakeTmp/CheckSymbolExists.c:
/* */
#include <pthread.h>

int main(int argc, char** argv)
{
  (void)argv;
#ifndef pthread_create
  return ((int*)(&pthread_create))[argc];
#else
  (void)argc;
  return 0;
#endif
}

Determining if the function pthread_create exists in the pthreads failed with the following output:
Change Dir: /home/lesliechase/Documents/REU D3/MergeSort/MergeSort/build/gtest/src/googletest-build/CMakeFiles/CMakeTmp

Run Build Command:/usr/bin/make "cmTryCompileExec4289578217/fast"
make[3]: Entering directory `/home/lesliechase/Documents/REU D3/MergeSort/MergeSort/build/gtest/src/googletest-build/CMakeFiles/CMakeTmp'
/usr/bin/make -f CMakeFiles/cmTryCompileExec4289578217.dir/build.make CMakeFiles/cmTryCompileExec4289578217.dir/build
make[4]: Entering directory `/home/lesliechase/Documents/REU D3/MergeSort/MergeSort/build/gtest/src/googletest-build/CMakeFiles/CMakeTmp'
/usr/bin/cmake -E cmake_progress_report "/home/lesliechase/Documents/REU D3/MergeSort/MergeSort/build/gtest/src/googletest-build/CMakeFiles/CMakeTmp/CMakeFiles" 1
Building C object CMakeFiles/cmTryCompileExec4289578217.dir/CheckFunctionExists.c.o
/usr/bin/cc   -DCHECK_FUNCTION_EXISTS=pthread_create   -o CMakeFiles/cmTryCompileExec4289578217.dir/CheckFunctionExists.c.o   -c /usr/share/cmake-2.8/Modules/CheckFunctionExists.c
Linking C executable cmTryCompileExec4289578217
/usr/bin/cmake -E cmake_link_script CMakeFiles/cmTryCompileExec4289578217.dir/link.txt --verbose=1
/usr/bin/cc   -DCHECK_FUNCTION_EXISTS=pthread_create    CMakeFiles/cmTryCompileExec4289578217.dir/CheckFunctionExists.c.o  -o cmTryCompileExec4289578217 -rdynamic -lpthreads 
/usr/bin/ld: cannot find -lpthreads
collect2: error: ld returned 1 exit status
make[4]: *** [cmTryCompileExec4289578217] Error 1
make[4]: Leaving directory `/home/lesliechase/Documents/REU D3/MergeSort/MergeSort/build/gtest/src/googletest-build/CMakeFiles/CMakeTmp'
make[3]: Leaving directory `/home/lesliechase/Documents/REU D3/MergeSort/MergeSort/build/gtest/src/googletest-build/CMakeFiles/CMakeTmp'
make[3]: *** [cmTryCompileExec4289578217/fast] Error 2


